<?xml version="1.0" encoding="UTF-8"?>
<testsuite name="Consultar politicas de tratemiento y proteccion de datos personales de proveedores" tests="1" skipped="1" failures="0" errors="0" timestamp="2021-05-10T15:53:27" hostname="LAPTOP-H41EU6T9" time="0.019">
  <properties/>
  <testcase name="Consulta exitosa del archivo politicas de tratemiento y proteccion de datos personales de proveedores." classname="Consultar politicas de tratemiento y proteccion de datos personales de proveedores" time="0.019">
    <skipped/>
  </testcase>
  <system-out><![CDATA[]]></system-out>
  <system-err><![CDATA[[Test worker] INFO net.thucydides.core.steps.ConsoleLoggingListener - TEST PENDING
[Test worker] INFO net.thucydides.core.steps.ConsoleLoggingListener - TEST PENDING
[Test worker] INFO net.thucydides.core.steps.ConsoleLoggingListener - TEST PENDING
[Test worker] INFO net.thucydides.core.steps.ConsoleLoggingListener - TEST PENDING
[Test worker] INFO net.thucydides.core.steps.ConsoleLoggingListener - 
          __  _____ _____ ____ _____   ____  _____ _   _ ____ ___ _   _  ____ 
 _       / / |_   _| ____/ ___|_   _| |  _ \| ____| \ | |  _ \_ _| \ | |/ ___|
(_)____ / /    | | |  _| \___ \ | |   | |_) |  _| |  \| | | | | ||  \| | |  _ 
 |_____/ /     | | | |___ ___) || |   |  __/| |___| |\  | |_| | || |\  | |_| |
(_)   /_/      |_| |_____|____/ |_|   |_|   |_____|_| \_|____/___|_| \_|\____|
                                                                                

TEST PENDING: Consulta exitosa del archivo politicas de tratemiento y proteccion de datos personales de proveedores.
---------------------------------------------------------------------------------
]]></system-err>
</testsuite>
