<?xml version="1.0" encoding="UTF-8"?>
<testsuite name="co.com.certificacion.runners.PoliticaTratamientoDatos" tests="0" skipped="0" failures="0" errors="0" timestamp="1970-01-01T00:00:00" hostname="LAPTOP-H41EU6T9" time="0.0">
  <properties/>
  <system-out><![CDATA[
1 Scenarios (?[33m1 undefined?[0m)
4 Steps (?[33m4 undefined?[0m)
0m0,285s


You can implement missing steps with the snippets below:


@Dado("^Que el proveedor se encuentra dentro de informacion corporativa del portal web$")
public void queElProveedorSeEncuentraDentroDeInformacionCorporativaDelPortalWeb() throws Exception {
    // Write code here that turns the phrase above into concrete actions
    throw new PendingException();
}

@Cuando("^Ingreso al menu proveedores$")
public void ingresoAlMenuProveedores() throws Exception {
    // Write code here that turns the phrase above into concrete actions
    throw new PendingException();
}

@Cuando("^Consulto el archivo de politicas de tratemiento y proteccion de datos personales de proveedores$")
public void consultoElArchivoDePoliticasDeTratemientoYProteccionDeDatosPersonalesDeProveedores() throws Exception {
    // Write code here that turns the phrase above into concrete actions
    throw new PendingException();
}

@Entonces("^Visualizo en una nueva ventana el archivo de tratemiento y proteccion de datos personales de proveedores$")
public void visualizoEnUnaNuevaVentanaElArchivoDeTratemientoYProteccionDeDatosPersonalesDeProveedores() throws Exception {
    // Write code here that turns the phrase above into concrete actions
    throw new PendingException();
}

]]></system-out>
  <system-err><![CDATA[[Test worker] INFO net.thucydides.core.steps.ConsoleLoggingListener - 

-------------------------------------------------------------------------------------
     _______. _______ .______       _______ .__   __.  __  .___________.____    ____ 
    /       ||   ____||   _  \     |   ____||  \ |  | |  | |           |\   \  /   / 
   |   (----`|  |__   |  |_)  |    |  |__   |   \|  | |  | `---|  |----` \   \/   /  
    \   \    |   __|  |      /     |   __|  |  . `  | |  |     |  |       \_    _/   
.----)   |   |  |____ |  |\  \----.|  |____ |  |\   | |  |     |  |         |  |     
|_______/    |_______|| _| `._____||_______||__| \__| |__|     |__|         |__|    
                                                                                     
 News and tutorials at http://www.serenity-bdd.info                                  
 Documentation at https://wakaleo.gitbooks.io/the-serenity-book/content/             
 Join the Serenity Community on Rocket Chat at https://serenity-bdd.rocket.chat      
 Serenity BDD Support and Training at http://serenity-bdd.info/#/trainingandsupport  
 Learn Serenity BDD online at http://serenity-dojo.com                               
-------------------------------------------------------------------------------------

[Test worker] INFO net.thucydides.core.steps.ConsoleLoggingListener - Test Suite Started: Consultar politicas de tratemiento y proteccion de datos personales de proveedores
[Test worker] INFO net.thucydides.core.steps.ConsoleLoggingListener - 
 _____ _____ ____ _____   ____ _____  _    ____ _____ _____ ____  
|_   _| ____/ ___|_   _| / ___|_   _|/ \  |  _ \_   _| ____|  _ \ 
  | | |  _| \___ \ | |   \___ \ | | / _ \ | |_) || | |  _| | | | |
  | | | |___ ___) || |    ___) || |/ ___ \|  _ < | | | |___| |_| |
  |_| |_____|____/ |_|   |____/ |_/_/   \_\_| \_\|_| |_____|____/ 
                                                                  

TEST STARTED: Consulta exitosa del archivo politicas de tratemiento y proteccion de datos personales de proveedores.
-------------------------------------------------------------------(consultar-politicas-de-tratemiento-y-proteccion-de-datos-personales-de-proveedores;consulta-exitosa-del-archivo-politicas-de-tratemiento-y-proteccion-de-datos-personales-de-proveedores.)
[Test worker] INFO net.thucydides.core.steps.ConsoleLoggingListener - 
          __  _____ _____ ____ _____   ____  _____ _   _ ____ ___ _   _  ____ 
 _       / / |_   _| ____/ ___|_   _| |  _ \| ____| \ | |  _ \_ _| \ | |/ ___|
(_)____ / /    | | |  _| \___ \ | |   | |_) |  _| |  \| | | | | ||  \| | |  _ 
 |_____/ /     | | | |___ ___) || |   |  __/| |___| |\  | |_| | || |\  | |_| |
(_)   /_/      |_| |_____|____/ |_|   |_|   |_____|_| \_|____/___|_| \_|\____|
                                                                                

TEST PENDING: Consulta exitosa del archivo politicas de tratemiento y proteccion de datos personales de proveedores.
---------------------------------------------------------------------------------
]]></system-err>
</testsuite>
